<?xml version="1.0" encoding="UTF-8" ?>
<testsuites>
<testsuite name="Template.landingPage" errors="0" tests="1" failures="0" time="0.001" timestamp="2014-07-07T15:11:38">
  <testcase classname="Template.landingPage" name="should have a greeting" time="0.001"></testcase>
</testsuite>
</testsuites>