<?xml version="1.0" encoding="UTF-8" ?>
<testsuites>
<testsuite name="LandingPage" errors="0" tests="1" failures="0" time="0" timestamp="2014-07-07T15:11:38">
  <testcase classname="LandingPage" name="Does something" time="0"></testcase>
</testsuite>
</testsuites>